05:35:08 | INFO     | ==== DDI-GAT INFER v2 ====
05:35:08 | INFO     | cmd: mode=similarity topk=500 per_node=200 sample_pairs=2,000,000 chunk_pairs=200,000 batch_edges=262,144 (mem: 0.29 GB)
05:35:08 | INFO     | [done]  load x.npy in 0.01s (mem: 0.36 GB)
05:35:08 | INFO     | [done]  load edge_index.npy in 0.00s (mem: 0.36 GB)
05:35:08 | INFO     | [done]  load id_map.json in 0.00s (mem: 0.36 GB)
05:35:08 | INFO     | nodes=8,287, feat_dim=1024, edges(dir)=4,532 (mem: 0.36 GB)
05:35:08 | INFO     | [done]  load model in 0.03s (mem: 0.38 GB)
05:35:08 | INFO     | model params=2,628,097, device=cpu
05:35:08 | INFO     | [encode graph] using training edge_index: torch.Size([2, 3628])
05:35:08 | INFO     | [done]  encode nodes (GAT) in 0.05s (mem: 0.56 GB)
05:35:08 | INFO     | embedding z: shape=(8287, 1024) (mem: 0.56 GB)
05:35:08 | INFO     | known undirected edges≈2,266
05:35:08 | INFO     | [calibration] applying temperature T=2.0000
05:35:08 | INFO     | [similarity] per_node=200, block=128, N=8,287, F=1024
05:35:09 | INFO     | [similarity] raw=1,657,400 deduped=1,158,149 (30.1% removed)
05:35:09 | INFO     | [done]  candidate selection (similarity) in 1.47s (mem: 0.82 GB)
05:35:09 | INFO     | candidates=1,158,149
05:35:11 | INFO     | [done]  scoring 1,158,149 candidates in 1.51s (mem: 1.03 GB)
05:35:11 | INFO     | [OK] Saved 500 predictions → artifacts/topk_predictions.csv
05:35:11 | INFO     | [scores] min=0.980906 p50=0.986539 max=0.999532 mean=0.987781
05:35:11 | INFO     | [diag] scored=1,158,149 | >=0.50=0.0156 >=0.90=0.0025 >=0.99=0.0001
05:35:11 | INFO     | [OK] Summary → artifacts/infer_summary.json
